<?xml version="1.0" encoding="UTF-8"?>
<!-- Generated by org.testng.reporters.JUnitReportReporter -->
<testsuite skipped="0" hostname="sharma-PC" name="TestCases.TC1" tests="1" failures="0" timestamp="2022-11-11T00:12:51 IST" time="164.429" errors="0">
  <testcase name="check" time="164.429" classname="TestCases.TC1"/>
  <system-out/>
</testsuite> <!-- TestCases.TC1 -->
